<?xml version="1.0" encoding="UTF-8"?>
<Site BuildName="Win32-MSBuild"
	BuildStamp="20251026-1747-Experimental"
	Name="DESKTOP-01U1ROV"
	Generator="ctest-4.1.0"
	CompilerName="C:/Program Files (x86)/Microsoft Visual Studio/2022/BuildTools/VC/Tools/MSVC/14.44.35207/bin/Hostx64/x64/cl.exe"
	CompilerVersion="19.44.35214.0"
	OSName="Windows"
	Hostname="DESKTOP-01U1ROV"
	OSRelease=" Professional"
	OSVersion=" (Build 19045)"
	OSPlatform="AMD64"
	Is64Bits="1"
	VendorString="GenuineIntel"
	VendorID="Intel Corporation"
	FamilyID="6"
	ModelID="10"
	ModelName=""
	ProcessorCacheSize="-1"
	NumberOfLogicalCPU="4"
	NumberOfPhysicalCPU="4"
	TotalVirtualMemory="9128"
	TotalPhysicalMemory="4008"
	LogicalProcessorsPerPhysical="1"
	ProcessorClockFrequency="3101"
	>
	<Testing>
		<StartDateTime>Oct 28 09:22 Hora oficial do Brasil</StartDateTime>
		<StartTestTime>1761654133</StartTestTime>
		<TestList/>
		<EndDateTime>Oct 28 09:22 Hora oficial do Brasil</EndDateTime>
		<EndTestTime>1761654133</EndTestTime>
		<ElapsedMinutes>0</ElapsedMinutes>
	</Testing>
</Site>
