<?xml version="1.0" encoding="UTF-8"?>
<Site BuildName="Linux-c++"
	BuildStamp="20251106-1759-Experimental"
	Name="dainf"
	Generator="ctest-3.22.1"
	CompilerName="/usr/bin/c++"
	CompilerVersion="11.4.0"
	OSName="Linux"
	Hostname="dainf"
	OSRelease="6.5.0-44-generic"
	OSVersion="#44~22.04.1-Ubuntu SMP PREEMPT_DYNAMIC Tue Jun 18 14:36:16 UTC 2"
	OSPlatform="x86_64"
	Is64Bits="1"
	VendorString="GenuineIntel"
	VendorID="Intel Corporation"
	FamilyID="6"
	ModelID="158"
	ProcessorCacheSize="6144"
	NumberOfLogicalCPU="4"
	NumberOfPhysicalCPU="4"
	TotalVirtualMemory="3935"
	TotalPhysicalMemory="7889"
	LogicalProcessorsPerPhysical="1"
	ProcessorClockFrequency="3299.99"
	>
	<Testing>
		<StartDateTime>Nov 06 14:59 -03</StartDateTime>
		<StartTestTime>1762451991</StartTestTime>
		<TestList/>
		<EndDateTime>Nov 06 14:59 -03</EndDateTime>
		<EndTestTime>1762451991</EndTestTime>
		<ElapsedMinutes>0</ElapsedMinutes>
	</Testing>
</Site>
